Warning: no access to tty (Bad file descriptor).
Thus no job control in this shell.
Testing results: fold-0
0.5737704918032787
[[268  98]
 [ 58 308]]
              precision    recall  f1-score   support

           0       0.82      0.73      0.77       366
           1       0.76      0.84      0.80       366

    accuracy                           0.79       732
   macro avg       0.79      0.79      0.79       732
weighted avg       0.79      0.79      0.79       732

ROC-AUC score: 0.8665531965720087
PR-AUC score: 0.833245208788642
Testing results: fold-1
0.5506849315068494
[[260 105]
 [ 59 306]]
              precision    recall  f1-score   support

           0       0.82      0.71      0.76       365
           1       0.74      0.84      0.79       365

    accuracy                           0.78       730
   macro avg       0.78      0.78      0.77       730
weighted avg       0.78      0.78      0.77       730

ROC-AUC score: 0.8632538937887032
PR-AUC score: 0.8592973569969796
Testing results: fold-2
0.5216216216216216
[[270 100]
 [ 77 293]]
              precision    recall  f1-score   support

           0       0.78      0.73      0.75       370
           1       0.75      0.79      0.77       370

    accuracy                           0.76       740
   macro avg       0.76      0.76      0.76       740
weighted avg       0.76      0.76      0.76       740

ROC-AUC score: 0.840518626734843
PR-AUC score: 0.8117619606491977
Testing results: fold-3
0.5871313672922251
[[271 102]
 [ 52 321]]
              precision    recall  f1-score   support

           0       0.84      0.73      0.78       373
           1       0.76      0.86      0.81       373

    accuracy                           0.79       746
   macro avg       0.80      0.79      0.79       746
weighted avg       0.80      0.79      0.79       746

ROC-AUC score: 0.8710046072350122
PR-AUC score: 0.8450396400442556
Testing results: fold-4
0.5501355013550135
[[279  90]
 [ 76 293]]
              precision    recall  f1-score   support

           0       0.79      0.76      0.77       369
           1       0.77      0.79      0.78       369

    accuracy                           0.78       738
   macro avg       0.78      0.78      0.77       738
weighted avg       0.78      0.78      0.77       738

ROC-AUC score: 0.8509558537319791
PR-AUC score: 0.8274465254012042
